[2021-11-07 20:51:55.457] [exthost] [info] Extension host with pid 848 started
[2021-11-07 20:51:55.600] [exthost] [info] ExtensionService#_doActivateExtension vscode.emmet, startup: false, activationEvent: 'onLanguage:html'
[2021-11-07 20:51:55.695] [exthost] [info] ExtensionService#_doActivateExtension vscode.html-language-features, startup: false, activationEvent: 'onLanguage:html'
[2021-11-07 20:51:55.878] [exthost] [info] ExtensionService#_doActivateExtension vscode.debug-auto-launch, startup: true, activationEvent: '*'
[2021-11-07 20:51:55.894] [exthost] [info] ExtensionService#_doActivateExtension vscode.git, startup: true, activationEvent: '*', root cause: vscode.github
[2021-11-07 20:51:56.043] [exthost] [info] Lock '/root/.vscode-server/data/User/workspaceStorage/7357c8406dd7ab776bfe1fd154ad47e5/vscode.lock': Lock acquired.
[2021-11-07 20:51:56.817] [exthost] [info] ExtensionService#_doActivateExtension vscode.github, startup: true, activationEvent: '*'
[2021-11-07 20:51:56.926] [exthost] [info] ExtensionService#_doActivateExtension vscode.merge-conflict, startup: false, activationEvent: 'onStartupFinished'
[2021-11-07 20:51:56.939] [exthost] [info] Eager extensions activated
[2021-11-07 20:52:17.082] [exthost] [info] ExtensionService#_doActivateExtension tht13.html-preview-vscode, startup: false, activationEvent: 'onLanguage:html'
[2021-11-08 19:21:13.148] [exthost] [info] ExtensionService#_doActivateExtension vscode.css-language-features, startup: false, activationEvent: 'onLanguage:css'
[2021-11-08 19:41:21.232] [exthost] [error] [vscode.emmet] provider FAILED
[2021-11-08 19:41:21.256] [exthost] [error] Error: Unable to find matching pair for < at char 172
	at r.error (/root/.vscode-server/bin/b3318bc0524af3d74034b8bb8a64df0ccf35549a/extensions/emmet/dist/node/emmetNodeMain.js:1:22545)
	at f (/root/.vscode-server/bin/b3318bc0524af3d74034b8bb8a64df0ccf35549a/extensions/emmet/dist/node/emmetNodeMain.js:1:21775)
	at u (/root/.vscode-server/bin/b3318bc0524af3d74034b8bb8a64df0ccf35549a/extensions/emmet/dist/node/emmetNodeMain.js:1:14436)
	at l (/root/.vscode-server/bin/b3318bc0524af3d74034b8bb8a64df0ccf35549a/extensions/emmet/dist/node/emmetNodeMain.js:1:14549)
	at /root/.vscode-server/bin/b3318bc0524af3d74034b8bb8a64df0ccf35549a/extensions/emmet/dist/node/emmetNodeMain.js:1:15164
	at h (/root/.vscode-server/bin/b3318bc0524af3d74034b8bb8a64df0ccf35549a/extensions/emmet/dist/node/emmetNodeMain.js:1:15271)
	at S (/root/.vscode-server/bin/b3318bc0524af3d74034b8bb8a64df0ccf35549a/extensions/emmet/dist/node/emmetNodeMain.js:1:16189)
	at j (/root/.vscode-server/bin/b3318bc0524af3d74034b8bb8a64df0ccf35549a/extensions/emmet/dist/node/emmetNodeMain.js:1:16599)
	at t.getRootNode (/root/.vscode-server/bin/b3318bc0524af3d74034b8bb8a64df0ccf35549a/extensions/emmet/dist/node/emmetNodeMain.js:1:193086)
	at t.DefaultCompletionItemProvider.provideCompletionItemsInternal (/root/.vscode-server/bin/b3318bc0524af3d74034b8bb8a64df0ccf35549a/extensions/emmet/dist/node/emmetNodeMain.js:1:178905)
	at t.DefaultCompletionItemProvider.provideCompletionItems (/root/.vscode-server/bin/b3318bc0524af3d74034b8bb8a64df0ccf35549a/extensions/emmet/dist/node/emmetNodeMain.js:1:177677)
	at B.provideCompletionItems (/root/.vscode-server/bin/b3318bc0524af3d74034b8bb8a64df0ccf35549a/out/vs/server/remoteExtensionHostProcess.js:94:181145)
	at /root/.vscode-server/bin/b3318bc0524af3d74034b8bb8a64df0ccf35549a/out/vs/server/remoteExtensionHostProcess.js:94:201368
	at $e._withAdapter (/root/.vscode-server/bin/b3318bc0524af3d74034b8bb8a64df0ccf35549a/out/vs/server/remoteExtensionHostProcess.js:94:191442)
	at $e.$provideCompletionItems (/root/.vscode-server/bin/b3318bc0524af3d74034b8bb8a64df0ccf35549a/out/vs/server/remoteExtensionHostProcess.js:94:201344)
	at n._doInvokeHandler (/root/.vscode-server/bin/b3318bc0524af3d74034b8bb8a64df0ccf35549a/out/vs/server/remoteExtensionHostProcess.js:98:13802)
	at n._invokeHandler (/root/.vscode-server/bin/b3318bc0524af3d74034b8bb8a64df0ccf35549a/out/vs/server/remoteExtensionHostProcess.js:98:13486)
	at n._receiveRequest (/root/.vscode-server/bin/b3318bc0524af3d74034b8bb8a64df0ccf35549a/out/vs/server/remoteExtensionHostProcess.js:98:12097)
	at n._receiveOneMessage (/root/.vscode-server/bin/b3318bc0524af3d74034b8bb8a64df0ccf35549a/out/vs/server/remoteExtensionHostProcess.js:98:10826)
	at /root/.vscode-server/bin/b3318bc0524af3d74034b8bb8a64df0ccf35549a/out/vs/server/remoteExtensionHostProcess.js:98:8922
	at l.fire (/root/.vscode-server/bin/b3318bc0524af3d74034b8bb8a64df0ccf35549a/out/vs/server/remoteExtensionHostProcess.js:66:1712)
	at s.fire (/root/.vscode-server/bin/b3318bc0524af3d74034b8bb8a64df0ccf35549a/out/vs/server/remoteExtensionHostProcess.js:74:15990)
	at /root/.vscode-server/bin/b3318bc0524af3d74034b8bb8a64df0ccf35549a/out/vs/server/remoteExtensionHostProcess.js:113:30625
	at l.fire (/root/.vscode-server/bin/b3318bc0524af3d74034b8bb8a64df0ccf35549a/out/vs/server/remoteExtensionHostProcess.js:66:1712)
	at s.fire (/root/.vscode-server/bin/b3318bc0524af3d74034b8bb8a64df0ccf35549a/out/vs/server/remoteExtensionHostProcess.js:74:15990)
	at f._receiveMessage (/root/.vscode-server/bin/b3318bc0524af3d74034b8bb8a64df0ccf35549a/out/vs/server/remoteExtensionHostProcess.js:74:21260)
	at /root/.vscode-server/bin/b3318bc0524af3d74034b8bb8a64df0ccf35549a/out/vs/server/remoteExtensionHostProcess.js:74:20358
	at l.fire (/root/.vscode-server/bin/b3318bc0524af3d74034b8bb8a64df0ccf35549a/out/vs/server/remoteExtensionHostProcess.js:66:1712)
	at w.acceptChunk (/root/.vscode-server/bin/b3318bc0524af3d74034b8bb8a64df0ccf35549a/out/vs/server/remoteExtensionHostProcess.js:74:13351)
	at /root/.vscode-server/bin/b3318bc0524af3d74034b8bb8a64df0ccf35549a/out/vs/server/remoteExtensionHostProcess.js:74:12699
	at l.fire (/root/.vscode-server/bin/b3318bc0524af3d74034b8bb8a64df0ccf35549a/out/vs/server/remoteExtensionHostProcess.js:66:1712)
	at b._acceptChunk (/root/.vscode-server/bin/b3318bc0524af3d74034b8bb8a64df0ccf35549a/out/vs/server/remoteExtensionHostProcess.js:113:19777)
	at /root/.vscode-server/bin/b3318bc0524af3d74034b8bb8a64df0ccf35549a/out/vs/server/remoteExtensionHostProcess.js:113:16037
	at Socket.m (/root/.vscode-server/bin/b3318bc0524af3d74034b8bb8a64df0ccf35549a/out/vs/server/remoteExtensionHostProcess.js:113:13575)
	at Socket.emit (events.js:315:20)
	at addChunk (internal/streams/readable.js:309:12)
	at readableAddChunk (internal/streams/readable.js:284:9)
	at Socket.Readable.push (internal/streams/readable.js:223:10)
	at TCP.onStreamRead (internal/stream_base_commons.js:188:23)
[2021-11-08 19:41:21.980] [exthost] [error] [vscode.emmet] provider FAILED
[2021-11-08 19:41:21.982] [exthost] [error] Error: Unable to find matching pair for < at char 172
	at r.error (/root/.vscode-server/bin/b3318bc0524af3d74034b8bb8a64df0ccf35549a/extensions/emmet/dist/node/emmetNodeMain.js:1:22545)
	at f (/root/.vscode-server/bin/b3318bc0524af3d74034b8bb8a64df0ccf35549a/extensions/emmet/dist/node/emmetNodeMain.js:1:21775)
	at u (/root/.vscode-server/bin/b3318bc0524af3d74034b8bb8a64df0ccf35549a/extensions/emmet/dist/node/emmetNodeMain.js:1:14436)
	at l (/root/.vscode-server/bin/b3318bc0524af3d74034b8bb8a64df0ccf35549a/extensions/emmet/dist/node/emmetNodeMain.js:1:14549)
	at /root/.vscode-server/bin/b3318bc0524af3d74034b8bb8a64df0ccf35549a/extensions/emmet/dist/node/emmetNodeMain.js:1:15164
	at h (/root/.vscode-server/bin/b3318bc0524af3d74034b8bb8a64df0ccf35549a/extensions/emmet/dist/node/emmetNodeMain.js:1:15271)
	at S (/root/.vscode-server/bin/b3318bc0524af3d74034b8bb8a64df0ccf35549a/extensions/emmet/dist/node/emmetNodeMain.js:1:16189)
	at j (/root/.vscode-server/bin/b3318bc0524af3d74034b8bb8a64df0ccf35549a/extensions/emmet/dist/node/emmetNodeMain.js:1:16599)
	at t.getRootNode (/root/.vscode-server/bin/b3318bc0524af3d74034b8bb8a64df0ccf35549a/extensions/emmet/dist/node/emmetNodeMain.js:1:193086)
	at t.DefaultCompletionItemProvider.provideCompletionItemsInternal (/root/.vscode-server/bin/b3318bc0524af3d74034b8bb8a64df0ccf35549a/extensions/emmet/dist/node/emmetNodeMain.js:1:178905)
	at t.DefaultCompletionItemProvider.provideCompletionItems (/root/.vscode-server/bin/b3318bc0524af3d74034b8bb8a64df0ccf35549a/extensions/emmet/dist/node/emmetNodeMain.js:1:177677)
	at B.provideCompletionItems (/root/.vscode-server/bin/b3318bc0524af3d74034b8bb8a64df0ccf35549a/out/vs/server/remoteExtensionHostProcess.js:94:181145)
	at /root/.vscode-server/bin/b3318bc0524af3d74034b8bb8a64df0ccf35549a/out/vs/server/remoteExtensionHostProcess.js:94:201368
	at $e._withAdapter (/root/.vscode-server/bin/b3318bc0524af3d74034b8bb8a64df0ccf35549a/out/vs/server/remoteExtensionHostProcess.js:94:191442)
	at $e.$provideCompletionItems (/root/.vscode-server/bin/b3318bc0524af3d74034b8bb8a64df0ccf35549a/out/vs/server/remoteExtensionHostProcess.js:94:201344)
	at n._doInvokeHandler (/root/.vscode-server/bin/b3318bc0524af3d74034b8bb8a64df0ccf35549a/out/vs/server/remoteExtensionHostProcess.js:98:13802)
	at n._invokeHandler (/root/.vscode-server/bin/b3318bc0524af3d74034b8bb8a64df0ccf35549a/out/vs/server/remoteExtensionHostProcess.js:98:13486)
	at n._receiveRequest (/root/.vscode-server/bin/b3318bc0524af3d74034b8bb8a64df0ccf35549a/out/vs/server/remoteExtensionHostProcess.js:98:12097)
	at n._receiveOneMessage (/root/.vscode-server/bin/b3318bc0524af3d74034b8bb8a64df0ccf35549a/out/vs/server/remoteExtensionHostProcess.js:98:10826)
	at /root/.vscode-server/bin/b3318bc0524af3d74034b8bb8a64df0ccf35549a/out/vs/server/remoteExtensionHostProcess.js:98:8922
	at l.fire (/root/.vscode-server/bin/b3318bc0524af3d74034b8bb8a64df0ccf35549a/out/vs/server/remoteExtensionHostProcess.js:66:1712)
	at s.fire (/root/.vscode-server/bin/b3318bc0524af3d74034b8bb8a64df0ccf35549a/out/vs/server/remoteExtensionHostProcess.js:74:15990)
	at /root/.vscode-server/bin/b3318bc0524af3d74034b8bb8a64df0ccf35549a/out/vs/server/remoteExtensionHostProcess.js:113:30625
	at l.fire (/root/.vscode-server/bin/b3318bc0524af3d74034b8bb8a64df0ccf35549a/out/vs/server/remoteExtensionHostProcess.js:66:1712)
	at s.fire (/root/.vscode-server/bin/b3318bc0524af3d74034b8bb8a64df0ccf35549a/out/vs/server/remoteExtensionHostProcess.js:74:15990)
	at f._receiveMessage (/root/.vscode-server/bin/b3318bc0524af3d74034b8bb8a64df0ccf35549a/out/vs/server/remoteExtensionHostProcess.js:74:21260)
	at /root/.vscode-server/bin/b3318bc0524af3d74034b8bb8a64df0ccf35549a/out/vs/server/remoteExtensionHostProcess.js:74:20358
	at l.fire (/root/.vscode-server/bin/b3318bc0524af3d74034b8bb8a64df0ccf35549a/out/vs/server/remoteExtensionHostProcess.js:66:1712)
	at w.acceptChunk (/root/.vscode-server/bin/b3318bc0524af3d74034b8bb8a64df0ccf35549a/out/vs/server/remoteExtensionHostProcess.js:74:13351)
	at /root/.vscode-server/bin/b3318bc0524af3d74034b8bb8a64df0ccf35549a/out/vs/server/remoteExtensionHostProcess.js:74:12699
	at l.fire (/root/.vscode-server/bin/b3318bc0524af3d74034b8bb8a64df0ccf35549a/out/vs/server/remoteExtensionHostProcess.js:66:1712)
	at b._acceptChunk (/root/.vscode-server/bin/b3318bc0524af3d74034b8bb8a64df0ccf35549a/out/vs/server/remoteExtensionHostProcess.js:113:19777)
	at /root/.vscode-server/bin/b3318bc0524af3d74034b8bb8a64df0ccf35549a/out/vs/server/remoteExtensionHostProcess.js:113:16037
	at Socket.m (/root/.vscode-server/bin/b3318bc0524af3d74034b8bb8a64df0ccf35549a/out/vs/server/remoteExtensionHostProcess.js:113:13575)
	at Socket.emit (events.js:315:20)
	at addChunk (internal/streams/readable.js:309:12)
	at readableAddChunk (internal/streams/readable.js:284:9)
	at Socket.Readable.push (internal/streams/readable.js:223:10)
	at TCP.onStreamRead (internal/stream_base_commons.js:188:23)
[2021-11-08 19:41:24.297] [exthost] [error] [vscode.emmet] provider FAILED
[2021-11-08 19:41:24.298] [exthost] [error] Error: Unable to find matching pair for < at char 172
	at r.error (/root/.vscode-server/bin/b3318bc0524af3d74034b8bb8a64df0ccf35549a/extensions/emmet/dist/node/emmetNodeMain.js:1:22545)
	at f (/root/.vscode-server/bin/b3318bc0524af3d74034b8bb8a64df0ccf35549a/extensions/emmet/dist/node/emmetNodeMain.js:1:21775)
	at u (/root/.vscode-server/bin/b3318bc0524af3d74034b8bb8a64df0ccf35549a/extensions/emmet/dist/node/emmetNodeMain.js:1:14436)
	at l (/root/.vscode-server/bin/b3318bc0524af3d74034b8bb8a64df0ccf35549a/extensions/emmet/dist/node/emmetNodeMain.js:1:14549)
	at /root/.vscode-server/bin/b3318bc0524af3d74034b8bb8a64df0ccf35549a/extensions/emmet/dist/node/emmetNodeMain.js:1:15164
	at h (/root/.vscode-server/bin/b3318bc0524af3d74034b8bb8a64df0ccf35549a/extensions/emmet/dist/node/emmetNodeMain.js:1:15271)
	at S (/root/.vscode-server/bin/b3318bc0524af3d74034b8bb8a64df0ccf35549a/extensions/emmet/dist/node/emmetNodeMain.js:1:16189)
	at j (/root/.vscode-server/bin/b3318bc0524af3d74034b8bb8a64df0ccf35549a/extensions/emmet/dist/node/emmetNodeMain.js:1:16599)
	at t.getRootNode (/root/.vscode-server/bin/b3318bc0524af3d74034b8bb8a64df0ccf35549a/extensions/emmet/dist/node/emmetNodeMain.js:1:193086)
	at t.DefaultCompletionItemProvider.provideCompletionItemsInternal (/root/.vscode-server/bin/b3318bc0524af3d74034b8bb8a64df0ccf35549a/extensions/emmet/dist/node/emmetNodeMain.js:1:178905)
	at t.DefaultCompletionItemProvider.provideCompletionItems (/root/.vscode-server/bin/b3318bc0524af3d74034b8bb8a64df0ccf35549a/extensions/emmet/dist/node/emmetNodeMain.js:1:177677)
	at B.provideCompletionItems (/root/.vscode-server/bin/b3318bc0524af3d74034b8bb8a64df0ccf35549a/out/vs/server/remoteExtensionHostProcess.js:94:181145)
	at /root/.vscode-server/bin/b3318bc0524af3d74034b8bb8a64df0ccf35549a/out/vs/server/remoteExtensionHostProcess.js:94:201368
	at $e._withAdapter (/root/.vscode-server/bin/b3318bc0524af3d74034b8bb8a64df0ccf35549a/out/vs/server/remoteExtensionHostProcess.js:94:191442)
	at $e.$provideCompletionItems (/root/.vscode-server/bin/b3318bc0524af3d74034b8bb8a64df0ccf35549a/out/vs/server/remoteExtensionHostProcess.js:94:201344)
	at n._doInvokeHandler (/root/.vscode-server/bin/b3318bc0524af3d74034b8bb8a64df0ccf35549a/out/vs/server/remoteExtensionHostProcess.js:98:13802)
	at n._invokeHandler (/root/.vscode-server/bin/b3318bc0524af3d74034b8bb8a64df0ccf35549a/out/vs/server/remoteExtensionHostProcess.js:98:13486)
	at n._receiveRequest (/root/.vscode-server/bin/b3318bc0524af3d74034b8bb8a64df0ccf35549a/out/vs/server/remoteExtensionHostProcess.js:98:12097)
	at n._receiveOneMessage (/root/.vscode-server/bin/b3318bc0524af3d74034b8bb8a64df0ccf35549a/out/vs/server/remoteExtensionHostProcess.js:98:10826)
	at /root/.vscode-server/bin/b3318bc0524af3d74034b8bb8a64df0ccf35549a/out/vs/server/remoteExtensionHostProcess.js:98:8922
	at l.fire (/root/.vscode-server/bin/b3318bc0524af3d74034b8bb8a64df0ccf35549a/out/vs/server/remoteExtensionHostProcess.js:66:1712)
	at s.fire (/root/.vscode-server/bin/b3318bc0524af3d74034b8bb8a64df0ccf35549a/out/vs/server/remoteExtensionHostProcess.js:74:15990)
	at /root/.vscode-server/bin/b3318bc0524af3d74034b8bb8a64df0ccf35549a/out/vs/server/remoteExtensionHostProcess.js:113:30625
	at l.fire (/root/.vscode-server/bin/b3318bc0524af3d74034b8bb8a64df0ccf35549a/out/vs/server/remoteExtensionHostProcess.js:66:1712)
	at s.fire (/root/.vscode-server/bin/b3318bc0524af3d74034b8bb8a64df0ccf35549a/out/vs/server/remoteExtensionHostProcess.js:74:15990)
	at f._receiveMessage (/root/.vscode-server/bin/b3318bc0524af3d74034b8bb8a64df0ccf35549a/out/vs/server/remoteExtensionHostProcess.js:74:21260)
	at /root/.vscode-server/bin/b3318bc0524af3d74034b8bb8a64df0ccf35549a/out/vs/server/remoteExtensionHostProcess.js:74:20358
	at l.fire (/root/.vscode-server/bin/b3318bc0524af3d74034b8bb8a64df0ccf35549a/out/vs/server/remoteExtensionHostProcess.js:66:1712)
	at w.acceptChunk (/root/.vscode-server/bin/b3318bc0524af3d74034b8bb8a64df0ccf35549a/out/vs/server/remoteExtensionHostProcess.js:74:13351)
	at /root/.vscode-server/bin/b3318bc0524af3d74034b8bb8a64df0ccf35549a/out/vs/server/remoteExtensionHostProcess.js:74:12699
	at l.fire (/root/.vscode-server/bin/b3318bc0524af3d74034b8bb8a64df0ccf35549a/out/vs/server/remoteExtensionHostProcess.js:66:1712)
	at b._acceptChunk (/root/.vscode-server/bin/b3318bc0524af3d74034b8bb8a64df0ccf35549a/out/vs/server/remoteExtensionHostProcess.js:113:19777)
	at /root/.vscode-server/bin/b3318bc0524af3d74034b8bb8a64df0ccf35549a/out/vs/server/remoteExtensionHostProcess.js:113:16037
	at Socket.m (/root/.vscode-server/bin/b3318bc0524af3d74034b8bb8a64df0ccf35549a/out/vs/server/remoteExtensionHostProcess.js:113:13575)
	at Socket.emit (events.js:315:20)
	at addChunk (internal/streams/readable.js:309:12)
	at readableAddChunk (internal/streams/readable.js:284:9)
	at Socket.Readable.push (internal/streams/readable.js:223:10)
	at TCP.onStreamRead (internal/stream_base_commons.js:188:23)
[2021-11-08 19:41:27.615] [exthost] [error] [vscode.emmet] provider FAILED
[2021-11-08 19:41:27.618] [exthost] [error] Error: Unable to find matching pair for < at char 172
	at r.error (/root/.vscode-server/bin/b3318bc0524af3d74034b8bb8a64df0ccf35549a/extensions/emmet/dist/node/emmetNodeMain.js:1:22545)
	at f (/root/.vscode-server/bin/b3318bc0524af3d74034b8bb8a64df0ccf35549a/extensions/emmet/dist/node/emmetNodeMain.js:1:21775)
	at u (/root/.vscode-server/bin/b3318bc0524af3d74034b8bb8a64df0ccf35549a/extensions/emmet/dist/node/emmetNodeMain.js:1:14436)
	at l (/root/.vscode-server/bin/b3318bc0524af3d74034b8bb8a64df0ccf35549a/extensions/emmet/dist/node/emmetNodeMain.js:1:14549)
	at /root/.vscode-server/bin/b3318bc0524af3d74034b8bb8a64df0ccf35549a/extensions/emmet/dist/node/emmetNodeMain.js:1:15164
	at h (/root/.vscode-server/bin/b3318bc0524af3d74034b8bb8a64df0ccf35549a/extensions/emmet/dist/node/emmetNodeMain.js:1:15271)
	at S (/root/.vscode-server/bin/b3318bc0524af3d74034b8bb8a64df0ccf35549a/extensions/emmet/dist/node/emmetNodeMain.js:1:16189)
	at j (/root/.vscode-server/bin/b3318bc0524af3d74034b8bb8a64df0ccf35549a/extensions/emmet/dist/node/emmetNodeMain.js:1:16599)
	at t.getRootNode (/root/.vscode-server/bin/b3318bc0524af3d74034b8bb8a64df0ccf35549a/extensions/emmet/dist/node/emmetNodeMain.js:1:193086)
	at t.DefaultCompletionItemProvider.provideCompletionItemsInternal (/root/.vscode-server/bin/b3318bc0524af3d74034b8bb8a64df0ccf35549a/extensions/emmet/dist/node/emmetNodeMain.js:1:178905)
	at t.DefaultCompletionItemProvider.provideCompletionItems (/root/.vscode-server/bin/b3318bc0524af3d74034b8bb8a64df0ccf35549a/extensions/emmet/dist/node/emmetNodeMain.js:1:177677)
	at B.provideCompletionItems (/root/.vscode-server/bin/b3318bc0524af3d74034b8bb8a64df0ccf35549a/out/vs/server/remoteExtensionHostProcess.js:94:181145)
	at /root/.vscode-server/bin/b3318bc0524af3d74034b8bb8a64df0ccf35549a/out/vs/server/remoteExtensionHostProcess.js:94:201368
	at $e._withAdapter (/root/.vscode-server/bin/b3318bc0524af3d74034b8bb8a64df0ccf35549a/out/vs/server/remoteExtensionHostProcess.js:94:191442)
	at $e.$provideCompletionItems (/root/.vscode-server/bin/b3318bc0524af3d74034b8bb8a64df0ccf35549a/out/vs/server/remoteExtensionHostProcess.js:94:201344)
	at n._doInvokeHandler (/root/.vscode-server/bin/b3318bc0524af3d74034b8bb8a64df0ccf35549a/out/vs/server/remoteExtensionHostProcess.js:98:13802)
	at n._invokeHandler (/root/.vscode-server/bin/b3318bc0524af3d74034b8bb8a64df0ccf35549a/out/vs/server/remoteExtensionHostProcess.js:98:13486)
	at n._receiveRequest (/root/.vscode-server/bin/b3318bc0524af3d74034b8bb8a64df0ccf35549a/out/vs/server/remoteExtensionHostProcess.js:98:12097)
	at n._receiveOneMessage (/root/.vscode-server/bin/b3318bc0524af3d74034b8bb8a64df0ccf35549a/out/vs/server/remoteExtensionHostProcess.js:98:10826)
	at /root/.vscode-server/bin/b3318bc0524af3d74034b8bb8a64df0ccf35549a/out/vs/server/remoteExtensionHostProcess.js:98:8922
	at l.fire (/root/.vscode-server/bin/b3318bc0524af3d74034b8bb8a64df0ccf35549a/out/vs/server/remoteExtensionHostProcess.js:66:1712)
	at s.fire (/root/.vscode-server/bin/b3318bc0524af3d74034b8bb8a64df0ccf35549a/out/vs/server/remoteExtensionHostProcess.js:74:15990)
	at /root/.vscode-server/bin/b3318bc0524af3d74034b8bb8a64df0ccf35549a/out/vs/server/remoteExtensionHostProcess.js:113:30625
	at l.fire (/root/.vscode-server/bin/b3318bc0524af3d74034b8bb8a64df0ccf35549a/out/vs/server/remoteExtensionHostProcess.js:66:1712)
	at s.fire (/root/.vscode-server/bin/b3318bc0524af3d74034b8bb8a64df0ccf35549a/out/vs/server/remoteExtensionHostProcess.js:74:15990)
	at f._receiveMessage (/root/.vscode-server/bin/b3318bc0524af3d74034b8bb8a64df0ccf35549a/out/vs/server/remoteExtensionHostProcess.js:74:21260)
	at /root/.vscode-server/bin/b3318bc0524af3d74034b8bb8a64df0ccf35549a/out/vs/server/remoteExtensionHostProcess.js:74:20358
	at l.fire (/root/.vscode-server/bin/b3318bc0524af3d74034b8bb8a64df0ccf35549a/out/vs/server/remoteExtensionHostProcess.js:66:1712)
	at w.acceptChunk (/root/.vscode-server/bin/b3318bc0524af3d74034b8bb8a64df0ccf35549a/out/vs/server/remoteExtensionHostProcess.js:74:13351)
	at /root/.vscode-server/bin/b3318bc0524af3d74034b8bb8a64df0ccf35549a/out/vs/server/remoteExtensionHostProcess.js:74:12699
	at l.fire (/root/.vscode-server/bin/b3318bc0524af3d74034b8bb8a64df0ccf35549a/out/vs/server/remoteExtensionHostProcess.js:66:1712)
	at b._acceptChunk (/root/.vscode-server/bin/b3318bc0524af3d74034b8bb8a64df0ccf35549a/out/vs/server/remoteExtensionHostProcess.js:113:19777)
	at /root/.vscode-server/bin/b3318bc0524af3d74034b8bb8a64df0ccf35549a/out/vs/server/remoteExtensionHostProcess.js:113:16037
	at Socket.m (/root/.vscode-server/bin/b3318bc0524af3d74034b8bb8a64df0ccf35549a/out/vs/server/remoteExtensionHostProcess.js:113:13575)
	at Socket.emit (events.js:315:20)
	at addChunk (internal/streams/readable.js:309:12)
	at readableAddChunk (internal/streams/readable.js:284:9)
	at Socket.Readable.push (internal/streams/readable.js:223:10)
	at TCP.onStreamRead (internal/stream_base_commons.js:188:23)
[2021-11-08 19:41:28.556] [exthost] [error] [vscode.emmet] provider FAILED
[2021-11-08 19:41:28.558] [exthost] [error] Error: Unable to find matching pair for < at char 172
	at r.error (/root/.vscode-server/bin/b3318bc0524af3d74034b8bb8a64df0ccf35549a/extensions/emmet/dist/node/emmetNodeMain.js:1:22545)
	at f (/root/.vscode-server/bin/b3318bc0524af3d74034b8bb8a64df0ccf35549a/extensions/emmet/dist/node/emmetNodeMain.js:1:21775)
	at u (/root/.vscode-server/bin/b3318bc0524af3d74034b8bb8a64df0ccf35549a/extensions/emmet/dist/node/emmetNodeMain.js:1:14436)
	at l (/root/.vscode-server/bin/b3318bc0524af3d74034b8bb8a64df0ccf35549a/extensions/emmet/dist/node/emmetNodeMain.js:1:14549)
	at /root/.vscode-server/bin/b3318bc0524af3d74034b8bb8a64df0ccf35549a/extensions/emmet/dist/node/emmetNodeMain.js:1:15164
	at h (/root/.vscode-server/bin/b3318bc0524af3d74034b8bb8a64df0ccf35549a/extensions/emmet/dist/node/emmetNodeMain.js:1:15271)
	at S (/root/.vscode-server/bin/b3318bc0524af3d74034b8bb8a64df0ccf35549a/extensions/emmet/dist/node/emmetNodeMain.js:1:16189)
	at j (/root/.vscode-server/bin/b3318bc0524af3d74034b8bb8a64df0ccf35549a/extensions/emmet/dist/node/emmetNodeMain.js:1:16599)
	at t.getRootNode (/root/.vscode-server/bin/b3318bc0524af3d74034b8bb8a64df0ccf35549a/extensions/emmet/dist/node/emmetNodeMain.js:1:193086)
	at t.DefaultCompletionItemProvider.provideCompletionItemsInternal (/root/.vscode-server/bin/b3318bc0524af3d74034b8bb8a64df0ccf35549a/extensions/emmet/dist/node/emmetNodeMain.js:1:178905)
	at t.DefaultCompletionItemProvider.provideCompletionItems (/root/.vscode-server/bin/b3318bc0524af3d74034b8bb8a64df0ccf35549a/extensions/emmet/dist/node/emmetNodeMain.js:1:177677)
	at B.provideCompletionItems (/root/.vscode-server/bin/b3318bc0524af3d74034b8bb8a64df0ccf35549a/out/vs/server/remoteExtensionHostProcess.js:94:181145)
	at /root/.vscode-server/bin/b3318bc0524af3d74034b8bb8a64df0ccf35549a/out/vs/server/remoteExtensionHostProcess.js:94:201368
	at $e._withAdapter (/root/.vscode-server/bin/b3318bc0524af3d74034b8bb8a64df0ccf35549a/out/vs/server/remoteExtensionHostProcess.js:94:191442)
	at $e.$provideCompletionItems (/root/.vscode-server/bin/b3318bc0524af3d74034b8bb8a64df0ccf35549a/out/vs/server/remoteExtensionHostProcess.js:94:201344)
	at n._doInvokeHandler (/root/.vscode-server/bin/b3318bc0524af3d74034b8bb8a64df0ccf35549a/out/vs/server/remoteExtensionHostProcess.js:98:13802)
	at n._invokeHandler (/root/.vscode-server/bin/b3318bc0524af3d74034b8bb8a64df0ccf35549a/out/vs/server/remoteExtensionHostProcess.js:98:13486)
	at n._receiveRequest (/root/.vscode-server/bin/b3318bc0524af3d74034b8bb8a64df0ccf35549a/out/vs/server/remoteExtensionHostProcess.js:98:12097)
	at n._receiveOneMessage (/root/.vscode-server/bin/b3318bc0524af3d74034b8bb8a64df0ccf35549a/out/vs/server/remoteExtensionHostProcess.js:98:10826)
	at /root/.vscode-server/bin/b3318bc0524af3d74034b8bb8a64df0ccf35549a/out/vs/server/remoteExtensionHostProcess.js:98:8922
	at l.fire (/root/.vscode-server/bin/b3318bc0524af3d74034b8bb8a64df0ccf35549a/out/vs/server/remoteExtensionHostProcess.js:66:1712)
	at s.fire (/root/.vscode-server/bin/b3318bc0524af3d74034b8bb8a64df0ccf35549a/out/vs/server/remoteExtensionHostProcess.js:74:15990)
	at /root/.vscode-server/bin/b3318bc0524af3d74034b8bb8a64df0ccf35549a/out/vs/server/remoteExtensionHostProcess.js:113:30625
	at l.fire (/root/.vscode-server/bin/b3318bc0524af3d74034b8bb8a64df0ccf35549a/out/vs/server/remoteExtensionHostProcess.js:66:1712)
	at s.fire (/root/.vscode-server/bin/b3318bc0524af3d74034b8bb8a64df0ccf35549a/out/vs/server/remoteExtensionHostProcess.js:74:15990)
	at f._receiveMessage (/root/.vscode-server/bin/b3318bc0524af3d74034b8bb8a64df0ccf35549a/out/vs/server/remoteExtensionHostProcess.js:74:21260)
	at /root/.vscode-server/bin/b3318bc0524af3d74034b8bb8a64df0ccf35549a/out/vs/server/remoteExtensionHostProcess.js:74:20358
	at l.fire (/root/.vscode-server/bin/b3318bc0524af3d74034b8bb8a64df0ccf35549a/out/vs/server/remoteExtensionHostProcess.js:66:1712)
	at w.acceptChunk (/root/.vscode-server/bin/b3318bc0524af3d74034b8bb8a64df0ccf35549a/out/vs/server/remoteExtensionHostProcess.js:74:13351)
	at /root/.vscode-server/bin/b3318bc0524af3d74034b8bb8a64df0ccf35549a/out/vs/server/remoteExtensionHostProcess.js:74:12699
	at l.fire (/root/.vscode-server/bin/b3318bc0524af3d74034b8bb8a64df0ccf35549a/out/vs/server/remoteExtensionHostProcess.js:66:1712)
	at b._acceptChunk (/root/.vscode-server/bin/b3318bc0524af3d74034b8bb8a64df0ccf35549a/out/vs/server/remoteExtensionHostProcess.js:113:19777)
	at /root/.vscode-server/bin/b3318bc0524af3d74034b8bb8a64df0ccf35549a/out/vs/server/remoteExtensionHostProcess.js:113:16037
	at Socket.m (/root/.vscode-server/bin/b3318bc0524af3d74034b8bb8a64df0ccf35549a/out/vs/server/remoteExtensionHostProcess.js:113:13575)
	at Socket.emit (events.js:315:20)
	at addChunk (internal/streams/readable.js:309:12)
	at readableAddChunk (internal/streams/readable.js:284:9)
	at Socket.Readable.push (internal/streams/readable.js:223:10)
	at TCP.onStreamRead (internal/stream_base_commons.js:188:23)
[2021-11-08 19:41:28.700] [exthost] [error] [vscode.emmet] provider FAILED
[2021-11-08 19:41:28.701] [exthost] [error] Error: Unable to find matching pair for < at char 172
	at r.error (/root/.vscode-server/bin/b3318bc0524af3d74034b8bb8a64df0ccf35549a/extensions/emmet/dist/node/emmetNodeMain.js:1:22545)
	at f (/root/.vscode-server/bin/b3318bc0524af3d74034b8bb8a64df0ccf35549a/extensions/emmet/dist/node/emmetNodeMain.js:1:21775)
	at u (/root/.vscode-server/bin/b3318bc0524af3d74034b8bb8a64df0ccf35549a/extensions/emmet/dist/node/emmetNodeMain.js:1:14436)
	at l (/root/.vscode-server/bin/b3318bc0524af3d74034b8bb8a64df0ccf35549a/extensions/emmet/dist/node/emmetNodeMain.js:1:14549)
	at /root/.vscode-server/bin/b3318bc0524af3d74034b8bb8a64df0ccf35549a/extensions/emmet/dist/node/emmetNodeMain.js:1:15164
	at h (/root/.vscode-server/bin/b3318bc0524af3d74034b8bb8a64df0ccf35549a/extensions/emmet/dist/node/emmetNodeMain.js:1:15271)
	at S (/root/.vscode-server/bin/b3318bc0524af3d74034b8bb8a64df0ccf35549a/extensions/emmet/dist/node/emmetNodeMain.js:1:16189)
	at j (/root/.vscode-server/bin/b3318bc0524af3d74034b8bb8a64df0ccf35549a/extensions/emmet/dist/node/emmetNodeMain.js:1:16599)
	at t.getRootNode (/root/.vscode-server/bin/b3318bc0524af3d74034b8bb8a64df0ccf35549a/extensions/emmet/dist/node/emmetNodeMain.js:1:193086)
	at t.DefaultCompletionItemProvider.provideCompletionItemsInternal (/root/.vscode-server/bin/b3318bc0524af3d74034b8bb8a64df0ccf35549a/extensions/emmet/dist/node/emmetNodeMain.js:1:178905)
	at t.DefaultCompletionItemProvider.provideCompletionItems (/root/.vscode-server/bin/b3318bc0524af3d74034b8bb8a64df0ccf35549a/extensions/emmet/dist/node/emmetNodeMain.js:1:177677)
	at B.provideCompletionItems (/root/.vscode-server/bin/b3318bc0524af3d74034b8bb8a64df0ccf35549a/out/vs/server/remoteExtensionHostProcess.js:94:181145)
	at /root/.vscode-server/bin/b3318bc0524af3d74034b8bb8a64df0ccf35549a/out/vs/server/remoteExtensionHostProcess.js:94:201368
	at $e._withAdapter (/root/.vscode-server/bin/b3318bc0524af3d74034b8bb8a64df0ccf35549a/out/vs/server/remoteExtensionHostProcess.js:94:191442)
	at $e.$provideCompletionItems (/root/.vscode-server/bin/b3318bc0524af3d74034b8bb8a64df0ccf35549a/out/vs/server/remoteExtensionHostProcess.js:94:201344)
	at n._doInvokeHandler (/root/.vscode-server/bin/b3318bc0524af3d74034b8bb8a64df0ccf35549a/out/vs/server/remoteExtensionHostProcess.js:98:13802)
	at n._invokeHandler (/root/.vscode-server/bin/b3318bc0524af3d74034b8bb8a64df0ccf35549a/out/vs/server/remoteExtensionHostProcess.js:98:13486)
	at n._receiveRequest (/root/.vscode-server/bin/b3318bc0524af3d74034b8bb8a64df0ccf35549a/out/vs/server/remoteExtensionHostProcess.js:98:12097)
	at n._receiveOneMessage (/root/.vscode-server/bin/b3318bc0524af3d74034b8bb8a64df0ccf35549a/out/vs/server/remoteExtensionHostProcess.js:98:10826)
	at /root/.vscode-server/bin/b3318bc0524af3d74034b8bb8a64df0ccf35549a/out/vs/server/remoteExtensionHostProcess.js:98:8922
	at l.fire (/root/.vscode-server/bin/b3318bc0524af3d74034b8bb8a64df0ccf35549a/out/vs/server/remoteExtensionHostProcess.js:66:1712)
	at s.fire (/root/.vscode-server/bin/b3318bc0524af3d74034b8bb8a64df0ccf35549a/out/vs/server/remoteExtensionHostProcess.js:74:15990)
	at /root/.vscode-server/bin/b3318bc0524af3d74034b8bb8a64df0ccf35549a/out/vs/server/remoteExtensionHostProcess.js:113:30625
	at l.fire (/root/.vscode-server/bin/b3318bc0524af3d74034b8bb8a64df0ccf35549a/out/vs/server/remoteExtensionHostProcess.js:66:1712)
	at s.fire (/root/.vscode-server/bin/b3318bc0524af3d74034b8bb8a64df0ccf35549a/out/vs/server/remoteExtensionHostProcess.js:74:15990)
	at f._receiveMessage (/root/.vscode-server/bin/b3318bc0524af3d74034b8bb8a64df0ccf35549a/out/vs/server/remoteExtensionHostProcess.js:74:21260)
	at /root/.vscode-server/bin/b3318bc0524af3d74034b8bb8a64df0ccf35549a/out/vs/server/remoteExtensionHostProcess.js:74:20358
	at l.fire (/root/.vscode-server/bin/b3318bc0524af3d74034b8bb8a64df0ccf35549a/out/vs/server/remoteExtensionHostProcess.js:66:1712)
	at w.acceptChunk (/root/.vscode-server/bin/b3318bc0524af3d74034b8bb8a64df0ccf35549a/out/vs/server/remoteExtensionHostProcess.js:74:13351)
	at /root/.vscode-server/bin/b3318bc0524af3d74034b8bb8a64df0ccf35549a/out/vs/server/remoteExtensionHostProcess.js:74:12699
	at l.fire (/root/.vscode-server/bin/b3318bc0524af3d74034b8bb8a64df0ccf35549a/out/vs/server/remoteExtensionHostProcess.js:66:1712)
	at b._acceptChunk (/root/.vscode-server/bin/b3318bc0524af3d74034b8bb8a64df0ccf35549a/out/vs/server/remoteExtensionHostProcess.js:113:19777)
	at /root/.vscode-server/bin/b3318bc0524af3d74034b8bb8a64df0ccf35549a/out/vs/server/remoteExtensionHostProcess.js:113:16037
	at Socket.m (/root/.vscode-server/bin/b3318bc0524af3d74034b8bb8a64df0ccf35549a/out/vs/server/remoteExtensionHostProcess.js:113:13575)
	at Socket.emit (events.js:315:20)
	at addChunk (internal/streams/readable.js:309:12)
	at readableAddChunk (internal/streams/readable.js:284:9)
	at Socket.Readable.push (internal/streams/readable.js:223:10)
	at TCP.onStreamRead (internal/stream_base_commons.js:188:23)
[2021-11-08 19:41:29.566] [exthost] [error] [vscode.emmet] provider FAILED
[2021-11-08 19:41:29.568] [exthost] [error] Error: Unable to find matching pair for < at char 172
	at r.error (/root/.vscode-server/bin/b3318bc0524af3d74034b8bb8a64df0ccf35549a/extensions/emmet/dist/node/emmetNodeMain.js:1:22545)
	at f (/root/.vscode-server/bin/b3318bc0524af3d74034b8bb8a64df0ccf35549a/extensions/emmet/dist/node/emmetNodeMain.js:1:21775)
	at u (/root/.vscode-server/bin/b3318bc0524af3d74034b8bb8a64df0ccf35549a/extensions/emmet/dist/node/emmetNodeMain.js:1:14436)
	at l (/root/.vscode-server/bin/b3318bc0524af3d74034b8bb8a64df0ccf35549a/extensions/emmet/dist/node/emmetNodeMain.js:1:14549)
	at /root/.vscode-server/bin/b3318bc0524af3d74034b8bb8a64df0ccf35549a/extensions/emmet/dist/node/emmetNodeMain.js:1:15164
	at h (/root/.vscode-server/bin/b3318bc0524af3d74034b8bb8a64df0ccf35549a/extensions/emmet/dist/node/emmetNodeMain.js:1:15271)
	at S (/root/.vscode-server/bin/b3318bc0524af3d74034b8bb8a64df0ccf35549a/extensions/emmet/dist/node/emmetNodeMain.js:1:16189)
	at j (/root/.vscode-server/bin/b3318bc0524af3d74034b8bb8a64df0ccf35549a/extensions/emmet/dist/node/emmetNodeMain.js:1:16599)
	at t.getRootNode (/root/.vscode-server/bin/b3318bc0524af3d74034b8bb8a64df0ccf35549a/extensions/emmet/dist/node/emmetNodeMain.js:1:193086)
	at t.DefaultCompletionItemProvider.provideCompletionItemsInternal (/root/.vscode-server/bin/b3318bc0524af3d74034b8bb8a64df0ccf35549a/extensions/emmet/dist/node/emmetNodeMain.js:1:178905)
	at t.DefaultCompletionItemProvider.provideCompletionItems (/root/.vscode-server/bin/b3318bc0524af3d74034b8bb8a64df0ccf35549a/extensions/emmet/dist/node/emmetNodeMain.js:1:177677)
	at B.provideCompletionItems (/root/.vscode-server/bin/b3318bc0524af3d74034b8bb8a64df0ccf35549a/out/vs/server/remoteExtensionHostProcess.js:94:181145)
	at /root/.vscode-server/bin/b3318bc0524af3d74034b8bb8a64df0ccf35549a/out/vs/server/remoteExtensionHostProcess.js:94:201368
	at $e._withAdapter (/root/.vscode-server/bin/b3318bc0524af3d74034b8bb8a64df0ccf35549a/out/vs/server/remoteExtensionHostProcess.js:94:191442)
	at $e.$provideCompletionItems (/root/.vscode-server/bin/b3318bc0524af3d74034b8bb8a64df0ccf35549a/out/vs/server/remoteExtensionHostProcess.js:94:201344)
	at n._doInvokeHandler (/root/.vscode-server/bin/b3318bc0524af3d74034b8bb8a64df0ccf35549a/out/vs/server/remoteExtensionHostProcess.js:98:13802)
	at n._invokeHandler (/root/.vscode-server/bin/b3318bc0524af3d74034b8bb8a64df0ccf35549a/out/vs/server/remoteExtensionHostProcess.js:98:13486)
	at n._receiveRequest (/root/.vscode-server/bin/b3318bc0524af3d74034b8bb8a64df0ccf35549a/out/vs/server/remoteExtensionHostProcess.js:98:12097)
	at n._receiveOneMessage (/root/.vscode-server/bin/b3318bc0524af3d74034b8bb8a64df0ccf35549a/out/vs/server/remoteExtensionHostProcess.js:98:10826)
	at /root/.vscode-server/bin/b3318bc0524af3d74034b8bb8a64df0ccf35549a/out/vs/server/remoteExtensionHostProcess.js:98:8922
	at l.fire (/root/.vscode-server/bin/b3318bc0524af3d74034b8bb8a64df0ccf35549a/out/vs/server/remoteExtensionHostProcess.js:66:1712)
	at s.fire (/root/.vscode-server/bin/b3318bc0524af3d74034b8bb8a64df0ccf35549a/out/vs/server/remoteExtensionHostProcess.js:74:15990)
	at /root/.vscode-server/bin/b3318bc0524af3d74034b8bb8a64df0ccf35549a/out/vs/server/remoteExtensionHostProcess.js:113:30625
	at l.fire (/root/.vscode-server/bin/b3318bc0524af3d74034b8bb8a64df0ccf35549a/out/vs/server/remoteExtensionHostProcess.js:66:1712)
	at s.fire (/root/.vscode-server/bin/b3318bc0524af3d74034b8bb8a64df0ccf35549a/out/vs/server/remoteExtensionHostProcess.js:74:15990)
	at f._receiveMessage (/root/.vscode-server/bin/b3318bc0524af3d74034b8bb8a64df0ccf35549a/out/vs/server/remoteExtensionHostProcess.js:74:21260)
	at /root/.vscode-server/bin/b3318bc0524af3d74034b8bb8a64df0ccf35549a/out/vs/server/remoteExtensionHostProcess.js:74:20358
	at l.fire (/root/.vscode-server/bin/b3318bc0524af3d74034b8bb8a64df0ccf35549a/out/vs/server/remoteExtensionHostProcess.js:66:1712)
	at w.acceptChunk (/root/.vscode-server/bin/b3318bc0524af3d74034b8bb8a64df0ccf35549a/out/vs/server/remoteExtensionHostProcess.js:74:13351)
	at /root/.vscode-server/bin/b3318bc0524af3d74034b8bb8a64df0ccf35549a/out/vs/server/remoteExtensionHostProcess.js:74:12699
	at l.fire (/root/.vscode-server/bin/b3318bc0524af3d74034b8bb8a64df0ccf35549a/out/vs/server/remoteExtensionHostProcess.js:66:1712)
	at b._acceptChunk (/root/.vscode-server/bin/b3318bc0524af3d74034b8bb8a64df0ccf35549a/out/vs/server/remoteExtensionHostProcess.js:113:19777)
	at /root/.vscode-server/bin/b3318bc0524af3d74034b8bb8a64df0ccf35549a/out/vs/server/remoteExtensionHostProcess.js:113:16037
	at Socket.m (/root/.vscode-server/bin/b3318bc0524af3d74034b8bb8a64df0ccf35549a/out/vs/server/remoteExtensionHostProcess.js:113:13575)
	at Socket.emit (events.js:315:20)
	at addChunk (internal/streams/readable.js:309:12)
	at readableAddChunk (internal/streams/readable.js:284:9)
	at Socket.Readable.push (internal/streams/readable.js:223:10)
	at TCP.onStreamRead (internal/stream_base_commons.js:188:23)
[2021-11-08 19:41:29.743] [exthost] [error] [vscode.emmet] provider FAILED
[2021-11-08 19:41:29.744] [exthost] [error] Error: Unable to find matching pair for < at char 172
	at r.error (/root/.vscode-server/bin/b3318bc0524af3d74034b8bb8a64df0ccf35549a/extensions/emmet/dist/node/emmetNodeMain.js:1:22545)
	at f (/root/.vscode-server/bin/b3318bc0524af3d74034b8bb8a64df0ccf35549a/extensions/emmet/dist/node/emmetNodeMain.js:1:21775)
	at u (/root/.vscode-server/bin/b3318bc0524af3d74034b8bb8a64df0ccf35549a/extensions/emmet/dist/node/emmetNodeMain.js:1:14436)
	at l (/root/.vscode-server/bin/b3318bc0524af3d74034b8bb8a64df0ccf35549a/extensions/emmet/dist/node/emmetNodeMain.js:1:14549)
	at /root/.vscode-server/bin/b3318bc0524af3d74034b8bb8a64df0ccf35549a/extensions/emmet/dist/node/emmetNodeMain.js:1:15164
	at h (/root/.vscode-server/bin/b3318bc0524af3d74034b8bb8a64df0ccf35549a/extensions/emmet/dist/node/emmetNodeMain.js:1:15271)
	at S (/root/.vscode-server/bin/b3318bc0524af3d74034b8bb8a64df0ccf35549a/extensions/emmet/dist/node/emmetNodeMain.js:1:16189)
	at j (/root/.vscode-server/bin/b3318bc0524af3d74034b8bb8a64df0ccf35549a/extensions/emmet/dist/node/emmetNodeMain.js:1:16599)
	at t.getRootNode (/root/.vscode-server/bin/b3318bc0524af3d74034b8bb8a64df0ccf35549a/extensions/emmet/dist/node/emmetNodeMain.js:1:193086)
	at t.DefaultCompletionItemProvider.provideCompletionItemsInternal (/root/.vscode-server/bin/b3318bc0524af3d74034b8bb8a64df0ccf35549a/extensions/emmet/dist/node/emmetNodeMain.js:1:178905)
	at t.DefaultCompletionItemProvider.provideCompletionItems (/root/.vscode-server/bin/b3318bc0524af3d74034b8bb8a64df0ccf35549a/extensions/emmet/dist/node/emmetNodeMain.js:1:177677)
	at B.provideCompletionItems (/root/.vscode-server/bin/b3318bc0524af3d74034b8bb8a64df0ccf35549a/out/vs/server/remoteExtensionHostProcess.js:94:181145)
	at /root/.vscode-server/bin/b3318bc0524af3d74034b8bb8a64df0ccf35549a/out/vs/server/remoteExtensionHostProcess.js:94:201368
	at $e._withAdapter (/root/.vscode-server/bin/b3318bc0524af3d74034b8bb8a64df0ccf35549a/out/vs/server/remoteExtensionHostProcess.js:94:191442)
	at $e.$provideCompletionItems (/root/.vscode-server/bin/b3318bc0524af3d74034b8bb8a64df0ccf35549a/out/vs/server/remoteExtensionHostProcess.js:94:201344)
	at n._doInvokeHandler (/root/.vscode-server/bin/b3318bc0524af3d74034b8bb8a64df0ccf35549a/out/vs/server/remoteExtensionHostProcess.js:98:13802)
	at n._invokeHandler (/root/.vscode-server/bin/b3318bc0524af3d74034b8bb8a64df0ccf35549a/out/vs/server/remoteExtensionHostProcess.js:98:13486)
	at n._receiveRequest (/root/.vscode-server/bin/b3318bc0524af3d74034b8bb8a64df0ccf35549a/out/vs/server/remoteExtensionHostProcess.js:98:12097)
	at n._receiveOneMessage (/root/.vscode-server/bin/b3318bc0524af3d74034b8bb8a64df0ccf35549a/out/vs/server/remoteExtensionHostProcess.js:98:10826)
	at /root/.vscode-server/bin/b3318bc0524af3d74034b8bb8a64df0ccf35549a/out/vs/server/remoteExtensionHostProcess.js:98:8922
	at l.fire (/root/.vscode-server/bin/b3318bc0524af3d74034b8bb8a64df0ccf35549a/out/vs/server/remoteExtensionHostProcess.js:66:1712)
	at s.fire (/root/.vscode-server/bin/b3318bc0524af3d74034b8bb8a64df0ccf35549a/out/vs/server/remoteExtensionHostProcess.js:74:15990)
	at /root/.vscode-server/bin/b3318bc0524af3d74034b8bb8a64df0ccf35549a/out/vs/server/remoteExtensionHostProcess.js:113:30625
	at l.fire (/root/.vscode-server/bin/b3318bc0524af3d74034b8bb8a64df0ccf35549a/out/vs/server/remoteExtensionHostProcess.js:66:1712)
	at s.fire (/root/.vscode-server/bin/b3318bc0524af3d74034b8bb8a64df0ccf35549a/out/vs/server/remoteExtensionHostProcess.js:74:15990)
	at f._receiveMessage (/root/.vscode-server/bin/b3318bc0524af3d74034b8bb8a64df0ccf35549a/out/vs/server/remoteExtensionHostProcess.js:74:21260)
	at /root/.vscode-server/bin/b3318bc0524af3d74034b8bb8a64df0ccf35549a/out/vs/server/remoteExtensionHostProcess.js:74:20358
	at l.fire (/root/.vscode-server/bin/b3318bc0524af3d74034b8bb8a64df0ccf35549a/out/vs/server/remoteExtensionHostProcess.js:66:1712)
	at w.acceptChunk (/root/.vscode-server/bin/b3318bc0524af3d74034b8bb8a64df0ccf35549a/out/vs/server/remoteExtensionHostProcess.js:74:13351)
	at /root/.vscode-server/bin/b3318bc0524af3d74034b8bb8a64df0ccf35549a/out/vs/server/remoteExtensionHostProcess.js:74:12699
	at l.fire (/root/.vscode-server/bin/b3318bc0524af3d74034b8bb8a64df0ccf35549a/out/vs/server/remoteExtensionHostProcess.js:66:1712)
	at b._acceptChunk (/root/.vscode-server/bin/b3318bc0524af3d74034b8bb8a64df0ccf35549a/out/vs/server/remoteExtensionHostProcess.js:113:19777)
	at /root/.vscode-server/bin/b3318bc0524af3d74034b8bb8a64df0ccf35549a/out/vs/server/remoteExtensionHostProcess.js:113:16037
	at Socket.m (/root/.vscode-server/bin/b3318bc0524af3d74034b8bb8a64df0ccf35549a/out/vs/server/remoteExtensionHostProcess.js:113:13575)
	at Socket.emit (events.js:315:20)
	at addChunk (internal/streams/readable.js:309:12)
	at readableAddChunk (internal/streams/readable.js:284:9)
	at Socket.Readable.push (internal/streams/readable.js:223:10)
	at TCP.onStreamRead (internal/stream_base_commons.js:188:23)
[2021-11-08 20:19:08.062] [exthost] [error] [vscode.emmet] provider FAILED
[2021-11-08 20:19:08.064] [exthost] [error] Error: Unable to find matching pair for < at char 153
	at r.error (/root/.vscode-server/bin/b3318bc0524af3d74034b8bb8a64df0ccf35549a/extensions/emmet/dist/node/emmetNodeMain.js:1:22545)
	at f (/root/.vscode-server/bin/b3318bc0524af3d74034b8bb8a64df0ccf35549a/extensions/emmet/dist/node/emmetNodeMain.js:1:21775)
	at u (/root/.vscode-server/bin/b3318bc0524af3d74034b8bb8a64df0ccf35549a/extensions/emmet/dist/node/emmetNodeMain.js:1:14436)
	at l (/root/.vscode-server/bin/b3318bc0524af3d74034b8bb8a64df0ccf35549a/extensions/emmet/dist/node/emmetNodeMain.js:1:14549)
	at /root/.vscode-server/bin/b3318bc0524af3d74034b8bb8a64df0ccf35549a/extensions/emmet/dist/node/emmetNodeMain.js:1:15164
	at h (/root/.vscode-server/bin/b3318bc0524af3d74034b8bb8a64df0ccf35549a/extensions/emmet/dist/node/emmetNodeMain.js:1:15271)
	at S (/root/.vscode-server/bin/b3318bc0524af3d74034b8bb8a64df0ccf35549a/extensions/emmet/dist/node/emmetNodeMain.js:1:16189)
	at j (/root/.vscode-server/bin/b3318bc0524af3d74034b8bb8a64df0ccf35549a/extensions/emmet/dist/node/emmetNodeMain.js:1:16599)
	at t.getRootNode (/root/.vscode-server/bin/b3318bc0524af3d74034b8bb8a64df0ccf35549a/extensions/emmet/dist/node/emmetNodeMain.js:1:193086)
	at t.DefaultCompletionItemProvider.provideCompletionItemsInternal (/root/.vscode-server/bin/b3318bc0524af3d74034b8bb8a64df0ccf35549a/extensions/emmet/dist/node/emmetNodeMain.js:1:178905)
	at t.DefaultCompletionItemProvider.provideCompletionItems (/root/.vscode-server/bin/b3318bc0524af3d74034b8bb8a64df0ccf35549a/extensions/emmet/dist/node/emmetNodeMain.js:1:177677)
	at B.provideCompletionItems (/root/.vscode-server/bin/b3318bc0524af3d74034b8bb8a64df0ccf35549a/out/vs/server/remoteExtensionHostProcess.js:94:181145)
	at /root/.vscode-server/bin/b3318bc0524af3d74034b8bb8a64df0ccf35549a/out/vs/server/remoteExtensionHostProcess.js:94:201368
	at $e._withAdapter (/root/.vscode-server/bin/b3318bc0524af3d74034b8bb8a64df0ccf35549a/out/vs/server/remoteExtensionHostProcess.js:94:191442)
	at $e.$provideCompletionItems (/root/.vscode-server/bin/b3318bc0524af3d74034b8bb8a64df0ccf35549a/out/vs/server/remoteExtensionHostProcess.js:94:201344)
	at n._doInvokeHandler (/root/.vscode-server/bin/b3318bc0524af3d74034b8bb8a64df0ccf35549a/out/vs/server/remoteExtensionHostProcess.js:98:13802)
	at n._invokeHandler (/root/.vscode-server/bin/b3318bc0524af3d74034b8bb8a64df0ccf35549a/out/vs/server/remoteExtensionHostProcess.js:98:13486)
	at n._receiveRequest (/root/.vscode-server/bin/b3318bc0524af3d74034b8bb8a64df0ccf35549a/out/vs/server/remoteExtensionHostProcess.js:98:12097)
	at n._receiveOneMessage (/root/.vscode-server/bin/b3318bc0524af3d74034b8bb8a64df0ccf35549a/out/vs/server/remoteExtensionHostProcess.js:98:10826)
	at /root/.vscode-server/bin/b3318bc0524af3d74034b8bb8a64df0ccf35549a/out/vs/server/remoteExtensionHostProcess.js:98:8922
	at l.fire (/root/.vscode-server/bin/b3318bc0524af3d74034b8bb8a64df0ccf35549a/out/vs/server/remoteExtensionHostProcess.js:66:1712)
	at s.fire (/root/.vscode-server/bin/b3318bc0524af3d74034b8bb8a64df0ccf35549a/out/vs/server/remoteExtensionHostProcess.js:74:15990)
	at /root/.vscode-server/bin/b3318bc0524af3d74034b8bb8a64df0ccf35549a/out/vs/server/remoteExtensionHostProcess.js:113:30625
	at l.fire (/root/.vscode-server/bin/b3318bc0524af3d74034b8bb8a64df0ccf35549a/out/vs/server/remoteExtensionHostProcess.js:66:1712)
	at s.fire (/root/.vscode-server/bin/b3318bc0524af3d74034b8bb8a64df0ccf35549a/out/vs/server/remoteExtensionHostProcess.js:74:15990)
	at f._receiveMessage (/root/.vscode-server/bin/b3318bc0524af3d74034b8bb8a64df0ccf35549a/out/vs/server/remoteExtensionHostProcess.js:74:21260)
	at /root/.vscode-server/bin/b3318bc0524af3d74034b8bb8a64df0ccf35549a/out/vs/server/remoteExtensionHostProcess.js:74:20358
	at l.fire (/root/.vscode-server/bin/b3318bc0524af3d74034b8bb8a64df0ccf35549a/out/vs/server/remoteExtensionHostProcess.js:66:1712)
	at w.acceptChunk (/root/.vscode-server/bin/b3318bc0524af3d74034b8bb8a64df0ccf35549a/out/vs/server/remoteExtensionHostProcess.js:74:13351)
	at /root/.vscode-server/bin/b3318bc0524af3d74034b8bb8a64df0ccf35549a/out/vs/server/remoteExtensionHostProcess.js:74:12699
	at l.fire (/root/.vscode-server/bin/b3318bc0524af3d74034b8bb8a64df0ccf35549a/out/vs/server/remoteExtensionHostProcess.js:66:1712)
	at b._acceptChunk (/root/.vscode-server/bin/b3318bc0524af3d74034b8bb8a64df0ccf35549a/out/vs/server/remoteExtensionHostProcess.js:113:19777)
	at /root/.vscode-server/bin/b3318bc0524af3d74034b8bb8a64df0ccf35549a/out/vs/server/remoteExtensionHostProcess.js:113:16037
	at Socket.m (/root/.vscode-server/bin/b3318bc0524af3d74034b8bb8a64df0ccf35549a/out/vs/server/remoteExtensionHostProcess.js:113:13575)
	at Socket.emit (events.js:315:20)
	at addChunk (internal/streams/readable.js:309:12)
	at readableAddChunk (internal/streams/readable.js:284:9)
	at Socket.Readable.push (internal/streams/readable.js:223:10)
	at TCP.onStreamRead (internal/stream_base_commons.js:188:23)
[2021-11-08 20:19:08.522] [exthost] [error] [vscode.emmet] provider FAILED
[2021-11-08 20:19:08.523] [exthost] [error] Error: Unable to find matching pair for < at char 153
	at r.error (/root/.vscode-server/bin/b3318bc0524af3d74034b8bb8a64df0ccf35549a/extensions/emmet/dist/node/emmetNodeMain.js:1:22545)
	at f (/root/.vscode-server/bin/b3318bc0524af3d74034b8bb8a64df0ccf35549a/extensions/emmet/dist/node/emmetNodeMain.js:1:21775)
	at u (/root/.vscode-server/bin/b3318bc0524af3d74034b8bb8a64df0ccf35549a/extensions/emmet/dist/node/emmetNodeMain.js:1:14436)
	at l (/root/.vscode-server/bin/b3318bc0524af3d74034b8bb8a64df0ccf35549a/extensions/emmet/dist/node/emmetNodeMain.js:1:14549)
	at /root/.vscode-server/bin/b3318bc0524af3d74034b8bb8a64df0ccf35549a/extensions/emmet/dist/node/emmetNodeMain.js:1:15164
	at h (/root/.vscode-server/bin/b3318bc0524af3d74034b8bb8a64df0ccf35549a/extensions/emmet/dist/node/emmetNodeMain.js:1:15271)
	at S (/root/.vscode-server/bin/b3318bc0524af3d74034b8bb8a64df0ccf35549a/extensions/emmet/dist/node/emmetNodeMain.js:1:16189)
	at j (/root/.vscode-server/bin/b3318bc0524af3d74034b8bb8a64df0ccf35549a/extensions/emmet/dist/node/emmetNodeMain.js:1:16599)
	at t.getRootNode (/root/.vscode-server/bin/b3318bc0524af3d74034b8bb8a64df0ccf35549a/extensions/emmet/dist/node/emmetNodeMain.js:1:193086)
	at t.DefaultCompletionItemProvider.provideCompletionItemsInternal (/root/.vscode-server/bin/b3318bc0524af3d74034b8bb8a64df0ccf35549a/extensions/emmet/dist/node/emmetNodeMain.js:1:178905)
	at t.DefaultCompletionItemProvider.provideCompletionItems (/root/.vscode-server/bin/b3318bc0524af3d74034b8bb8a64df0ccf35549a/extensions/emmet/dist/node/emmetNodeMain.js:1:177677)
	at B.provideCompletionItems (/root/.vscode-server/bin/b3318bc0524af3d74034b8bb8a64df0ccf35549a/out/vs/server/remoteExtensionHostProcess.js:94:181145)
	at /root/.vscode-server/bin/b3318bc0524af3d74034b8bb8a64df0ccf35549a/out/vs/server/remoteExtensionHostProcess.js:94:201368
	at $e._withAdapter (/root/.vscode-server/bin/b3318bc0524af3d74034b8bb8a64df0ccf35549a/out/vs/server/remoteExtensionHostProcess.js:94:191442)
	at $e.$provideCompletionItems (/root/.vscode-server/bin/b3318bc0524af3d74034b8bb8a64df0ccf35549a/out/vs/server/remoteExtensionHostProcess.js:94:201344)
	at n._doInvokeHandler (/root/.vscode-server/bin/b3318bc0524af3d74034b8bb8a64df0ccf35549a/out/vs/server/remoteExtensionHostProcess.js:98:13802)
	at n._invokeHandler (/root/.vscode-server/bin/b3318bc0524af3d74034b8bb8a64df0ccf35549a/out/vs/server/remoteExtensionHostProcess.js:98:13486)
	at n._receiveRequest (/root/.vscode-server/bin/b3318bc0524af3d74034b8bb8a64df0ccf35549a/out/vs/server/remoteExtensionHostProcess.js:98:12097)
	at n._receiveOneMessage (/root/.vscode-server/bin/b3318bc0524af3d74034b8bb8a64df0ccf35549a/out/vs/server/remoteExtensionHostProcess.js:98:10826)
	at /root/.vscode-server/bin/b3318bc0524af3d74034b8bb8a64df0ccf35549a/out/vs/server/remoteExtensionHostProcess.js:98:8922
	at l.fire (/root/.vscode-server/bin/b3318bc0524af3d74034b8bb8a64df0ccf35549a/out/vs/server/remoteExtensionHostProcess.js:66:1712)
	at s.fire (/root/.vscode-server/bin/b3318bc0524af3d74034b8bb8a64df0ccf35549a/out/vs/server/remoteExtensionHostProcess.js:74:15990)
	at /root/.vscode-server/bin/b3318bc0524af3d74034b8bb8a64df0ccf35549a/out/vs/server/remoteExtensionHostProcess.js:113:30625
	at l.fire (/root/.vscode-server/bin/b3318bc0524af3d74034b8bb8a64df0ccf35549a/out/vs/server/remoteExtensionHostProcess.js:66:1712)
	at s.fire (/root/.vscode-server/bin/b3318bc0524af3d74034b8bb8a64df0ccf35549a/out/vs/server/remoteExtensionHostProcess.js:74:15990)
	at f._receiveMessage (/root/.vscode-server/bin/b3318bc0524af3d74034b8bb8a64df0ccf35549a/out/vs/server/remoteExtensionHostProcess.js:74:21260)
	at /root/.vscode-server/bin/b3318bc0524af3d74034b8bb8a64df0ccf35549a/out/vs/server/remoteExtensionHostProcess.js:74:20358
	at l.fire (/root/.vscode-server/bin/b3318bc0524af3d74034b8bb8a64df0ccf35549a/out/vs/server/remoteExtensionHostProcess.js:66:1712)
	at w.acceptChunk (/root/.vscode-server/bin/b3318bc0524af3d74034b8bb8a64df0ccf35549a/out/vs/server/remoteExtensionHostProcess.js:74:13351)
	at /root/.vscode-server/bin/b3318bc0524af3d74034b8bb8a64df0ccf35549a/out/vs/server/remoteExtensionHostProcess.js:74:12699
	at l.fire (/root/.vscode-server/bin/b3318bc0524af3d74034b8bb8a64df0ccf35549a/out/vs/server/remoteExtensionHostProcess.js:66:1712)
	at b._acceptChunk (/root/.vscode-server/bin/b3318bc0524af3d74034b8bb8a64df0ccf35549a/out/vs/server/remoteExtensionHostProcess.js:113:19777)
	at /root/.vscode-server/bin/b3318bc0524af3d74034b8bb8a64df0ccf35549a/out/vs/server/remoteExtensionHostProcess.js:113:16037
	at Socket.m (/root/.vscode-server/bin/b3318bc0524af3d74034b8bb8a64df0ccf35549a/out/vs/server/remoteExtensionHostProcess.js:113:13575)
	at Socket.emit (events.js:315:20)
	at addChunk (internal/streams/readable.js:309:12)
	at readableAddChunk (internal/streams/readable.js:284:9)
	at Socket.Readable.push (internal/streams/readable.js:223:10)
	at TCP.onStreamRead (internal/stream_base_commons.js:188:23)
[2021-11-09 19:22:43.508] [exthost] [info] ExtensionService#_doActivateExtension vscode.configuration-editing, startup: false, activationEvent: 'onLanguage:jsonc'
[2021-11-09 19:22:43.531] [exthost] [info] ExtensionService#_doActivateExtension vscode.json-language-features, startup: false, activationEvent: 'onLanguage:jsonc'
[2021-11-09 19:22:43.629] [exthost] [info] ExtensionService#_doActivateExtension vscode.typescript-language-features, startup: false, activationEvent: 'onLanguage:jsonc'
[2021-11-10 19:31:45.926] [exthost] [warning] [Decorations] CAPPING events from decorations provider vscode.git 2833
[2021-11-10 19:31:48.889] [exthost] [warning] [Decorations] CAPPING events from decorations provider vscode.git 2833
[2021-11-10 19:31:54.081] [exthost] [warning] [Decorations] CAPPING events from decorations provider vscode.git 2833
[2021-11-10 19:31:59.232] [exthost] [warning] [Decorations] CAPPING events from decorations provider vscode.git 2833
[2021-11-10 19:32:04.391] [exthost] [warning] [Decorations] CAPPING events from decorations provider vscode.git 2833
[2021-11-10 19:32:09.515] [exthost] [warning] [Decorations] CAPPING events from decorations provider vscode.git 2833
[2021-11-10 19:32:14.646] [exthost] [warning] [Decorations] CAPPING events from decorations provider vscode.git 2833
[2021-11-10 19:32:19.781] [exthost] [warning] [Decorations] CAPPING events from decorations provider vscode.git 2833
[2021-11-10 19:32:24.915] [exthost] [warning] [Decorations] CAPPING events from decorations provider vscode.git 2833
[2021-11-10 19:32:30.065] [exthost] [warning] [Decorations] CAPPING events from decorations provider vscode.git 2833
[2021-11-10 19:32:35.203] [exthost] [warning] [Decorations] CAPPING events from decorations provider vscode.git 2833
[2021-11-10 19:39:00.514] [exthost] [warning] [Decorations] CAPPING events from decorations provider vscode.git 2833
[2021-11-10 19:39:05.664] [exthost] [warning] [Decorations] CAPPING events from decorations provider vscode.git 2833
[2021-11-10 19:39:10.784] [exthost] [warning] [Decorations] CAPPING events from decorations provider vscode.git 2833
